; 18-649 (Fall 2014)
; Group 5
; Vijay Jayaram (vijayj)
; James Sakai (jssakai)
; Siyu Wei (siyuwei)
; Yurui Zhou (yuruiz)
; proj8acceptance1.out

Simulator Parameters:
Command line = -pf proj8group5acceptance1.pass -monitor RuntimeRequirementsMonitor
RandomSeed = 1414716242871
CanNetworkBitTime = 0 ns
Effective Can Bitrate = Infinity
Run Time = null
Real time rate = null
Acceptance Test File = proj8group5acceptance1.pass
Monitors: RuntimeRequirementsMonitor  


[Elevator] @0.000000000: Starting Simulation
[RuntimeMonitor] @31.320000000: WARNING:  Violation of R-T7: Door opened at floor 1 and hallway FRONT where there were no pending calls.
[RuntimeMonitor] @31.320000000: WARNING:  Violation of R-T7: Door opened at floor 1 and hallway BACK where there were no pending calls.
[RuntimeMonitor] @31.320000000: WARNING:  Violation of R-T6: Drive stopped at floor 1 with no pending calls.
[Elevator] @60.000000000: Progress indicator
[RuntimeMonitor] @83.620000000: WARNING:  Violation of R-T7: Door opened at floor 2 and hallway BACK where there were no pending calls.
[RuntimeMonitor] @83.620000000: WARNING:  Violation of R-T6: Drive stopped at floor 2 with no pending calls.
[Elevator] @120.000000000: Progress indicator
[Elevator] @180.000000000: Progress indicator
[Elevator] @240.000000000: Progress indicator
[Elevator] @300.000000000: Progress indicator
[RuntimeMonitor] @346.120000000: WARNING:  Violation of R-T7: Door opened at floor 7 and hallway FRONT where there were no pending calls.
[RuntimeMonitor] @346.120000000: WARNING:  Violation of R-T7: Door opened at floor 7 and hallway BACK where there were no pending calls.
[RuntimeMonitor] @346.130000000: WARNING:  Violation of R-T6: Drive stopped at floor 7 with no pending calls.
[Elevator] @360.000000000: Progress indicator
[Elevator] @420.000000000: Progress indicator
[Elevator] @480.000000000: Progress indicator
[Elevator] @540.000000000: Progress indicator
[RuntimeMonitor] @571.320000000: WARNING:  Violation of R-T7: Door opened at floor 1 and hallway FRONT where there were no pending calls.
[RuntimeMonitor] @571.320000000: WARNING:  Violation of R-T7: Door opened at floor 1 and hallway BACK where there were no pending calls.
[RuntimeMonitor] @571.320000000: WARNING:  Violation of R-T6: Drive stopped at floor 1 with no pending calls.
[Elevator] @600.000000000: Progress indicator
[Elevator] @660.000000000: Progress indicator
[RuntimeMonitor] @676.520000000: WARNING:  Violation of R-T7: Door opened at floor 3 and hallway FRONT where there were no pending calls.
[RuntimeMonitor] @676.520000000: WARNING:  Violation of R-T6: Drive stopped at floor 3 with no pending calls.
[Elevator] @720.000000000: Progress indicator
[RuntimeMonitor] @729.020000000: WARNING:  Violation of R-T7: Door opened at floor 4 and hallway FRONT where there were no pending calls.
[RuntimeMonitor] @729.020000000: WARNING:  Violation of R-T6: Drive stopped at floor 4 with no pending calls.
[Elevator] @780.000000000: Progress indicator
[Elevator] @840.000000000: Progress indicator
[RuntimeMonitor] @886.920000000: WARNING:  Violation of R-T7: Door opened at floor 7 and hallway FRONT where there were no pending calls.
[RuntimeMonitor] @886.920000000: WARNING:  Violation of R-T7: Door opened at floor 7 and hallway BACK where there were no pending calls.
[RuntimeMonitor] @886.920000000: WARNING:  Violation of R-T6: Drive stopped at floor 7 with no pending calls.
[Elevator] @900.000000000: Progress indicator
[Elevator] @960.000000000: Progress indicator
[Elevator] @1020.000000000: Progress indicator
[Elevator] @1080.000000000: Progress indicator
[RuntimeMonitor] @1111.820000000: WARNING:  Violation of R-T7: Door opened at floor 1 and hallway FRONT where there were no pending calls.
[RuntimeMonitor] @1111.920000000: WARNING:  Violation of R-T7: Door opened at floor 1 and hallway BACK where there were no pending calls.
[RuntimeMonitor] @1111.920000000: WARNING:  Violation of R-T6: Drive stopped at floor 1 with no pending calls.
[Elevator] @1140.000000000: Progress indicator
[Elevator] @1200.000000000: Progress indicator
[Elevator] @1260.000000000: Progress indicator
[Elevator] @1320.000000000: Progress indicator
[RuntimeMonitor] @1321.720000000: WARNING:  Violation of R-T7: Door opened at floor 5 and hallway FRONT where there were no pending calls.
[RuntimeMonitor] @1321.720000000: WARNING:  Violation of R-T6: Drive stopped at floor 5 with no pending calls.
[RuntimeMonitor] @1374.220000000: WARNING:  Violation of R-T7: Door opened at floor 6 and hallway FRONT where there were no pending calls.
[RuntimeMonitor] @1374.220000000: WARNING:  Violation of R-T6: Drive stopped at floor 6 with no pending calls.
[Elevator] @1380.000000000: Progress indicator
[Elevator] @1397.507000000: Simulation Finished

Monitors Warning Results: 
RuntimeMonitor generated 25 warnings.

Monitors Summmary Results: 
10 unnecessary stops out of 22 total.
15 unnecessary openings out of 27 total.

STATISTICS FOR ELEVATOR SIMULATION PASSENGER DELIVERY
-----------------------------------------------------


Passenger Delivery Summary
Delivered: 23
Stranded: 0
Total: 23

Deliver Stats (lower is better):
Average_delivery_time: 450.201
Maximum_delivery_time:  1014.507
Delivery_performance_score:  2815.309

Satisfaction Stats (higher is better):
Average_satisfaction_score: 81.304
Min_satisfaction_score:  45.000
Satisfaction_performance_score:  370.217



1397.507s simulation seconds
 8.940 real seconds
 effective rate 156.32
